[2025-12-24 17:06:19] Starting System Cleanup...
[2025-12-24 17:06:20] Killing process 2052 on port 8000
[2025-12-24 17:06:20] Killing process 0 on port 8000
[2025-12-24 17:06:20] Killing process 0 on port 8000
[2025-12-24 17:06:20] Killing process 0 on port 8000
[2025-12-24 17:06:20] Killing process 2052 on port 8000
[2025-12-24 17:06:20] Killing process 0 on port 8000
[2025-12-24 17:06:21] Killing process 18664 on port 3000
[2025-12-24 17:06:21] Killing process 18664 on port 3000
[2025-12-24 17:06:21] Killing process 18664 on port 3000
[2025-12-24 17:06:21] Killing process 18664 on port 3000
[2025-12-24 17:06:21] Killing process 18664 on port 3000
[2025-12-24 17:06:21] Killing process 18664 on port 3000
[2025-12-24 17:06:21] Killing process 18664 on port 3000
[2025-12-24 17:06:21] Killing process 18664 on port 3000
[2025-12-24 17:06:21] Starting Main Backend API on Port 8000...
[2025-12-24 17:06:34] WARNING: Main Backend API failed to start within timeout.
[2025-12-24 17:06:34] Starting Agent Mesh...
[2025-12-24 17:06:34] Starting orchestrator_agent on port 8025...
[2025-12-24 17:06:48] WARNING: orchestrator_agent failed to start on port 8025 within timeout.
[2025-12-24 17:06:48] Starting claims_agent on port 8019...
[2025-12-24 17:07:02] WARNING: claims_agent failed to start on port 8019 within timeout.
[2025-12-24 17:07:02] Starting quote_agent on port 8020...
[2025-12-24 17:07:16] WARNING: quote_agent failed to start on port 8020 within timeout.
[2025-12-24 17:07:16] Starting policy_agent on port 8021...
[2025-12-24 17:07:29] WARNING: policy_agent failed to start on port 8021 within timeout.
[2025-12-24 17:07:29] Starting finance_agent on port 8022...
[2025-12-24 17:07:44] WARNING: finance_agent failed to start on port 8022 within timeout.
[2025-12-24 17:07:44] Starting support_agent on port 8023...
[2025-12-24 17:07:58] WARNING: support_agent failed to start on port 8023 within timeout.
[2025-12-24 17:07:58] Starting tickets_agent on port 8026...
[2025-12-24 17:08:11] WARNING: tickets_agent failed to start on port 8026 within timeout.
[2025-12-24 17:08:11] Starting referrals_agent on port 8027...
[2025-12-24 17:08:25] WARNING: referrals_agent failed to start on port 8027 within timeout.
[2025-12-24 17:08:25] Starting loyalty_agent on port 8028...
[2025-12-24 17:08:36] WARNING: loyalty_agent failed to start on port 8028 within timeout.
[2025-12-24 17:08:36] Starting telematics_agent on port 8029...
[2025-12-24 17:08:50] WARNING: telematics_agent failed to start on port 8029 within timeout.
[2025-12-24 17:08:50] Starting ml_agent on port 8030...
[2025-12-24 17:09:03] WARNING: ml_agent failed to start on port 8030 within timeout.
[2025-12-24 17:09:03] Starting document_agent on port 8032...
[2025-12-24 17:09:17] WARNING: document_agent failed to start on port 8032 within timeout.
[2025-12-24 17:09:17] Starting ocr_agent on port 8018...
[2025-12-24 17:09:31] WARNING: ocr_agent failed to start on port 8018 within timeout.
[2025-12-24 17:09:31] Starting structured_outputs_agent on port 8004...
[2025-12-24 17:09:45] WARNING: structured_outputs_agent failed to start on port 8004 within timeout.
[2025-12-24 17:09:45] Starting tool_agent on port 8002...
[2025-12-24 17:09:59] WARNING: tool_agent failed to start on port 8002 within timeout.
[2025-12-24 17:09:59] Starting memory_agent on port 8031...
[2025-12-24 17:10:13] WARNING: memory_agent failed to start on port 8031 within timeout.
[2025-12-24 17:10:13] Starting voice_agent on port 8015...
[2025-12-24 17:10:26] WARNING: voice_agent failed to start on port 8015 within timeout.
[2025-12-24 17:10:26] Starting rag_agent on port 8014...
[2025-12-24 17:10:40] WARNING: rag_agent failed to start on port 8014 within timeout.
[2025-12-24 17:10:40] Starting mcp_agent on port 8013...
[2025-12-24 17:10:54] WARNING: mcp_agent failed to start on port 8013 within timeout.
[2025-12-24 17:10:54] Starting Frontend on Port 3000...
[2025-12-24 17:10:59] Frontend is UP on port 3000.
[2025-12-24 17:10:59] All services initiated. Check specific logs for details.
[2025-12-24 17:15:30] Starting System Cleanup...
[2025-12-24 17:15:30] Killing process 13876 on port 8000
[2025-12-24 17:15:30] Killing process 13876 on port 8000
[2025-12-24 17:15:31] Killing process 21456 on port 3000
[2025-12-24 17:15:31] Killing process 21456 on port 3000
[2025-12-24 17:15:31] Killing process 21456 on port 3000
[2025-12-24 17:15:31] Killing process 21456 on port 3000
[2025-12-24 17:15:31] Killing process 21456 on port 3000
[2025-12-24 17:15:31] Killing process 21456 on port 3000
[2025-12-24 17:15:31] Killing process 21456 on port 3000
[2025-12-24 17:15:31] Killing process 21456 on port 3000
[2025-12-24 17:15:31] Starting Main Backend API on Port 8000...
[2025-12-24 17:15:38] Main Backend API is UP.
[2025-12-24 17:15:38] Starting Agent Mesh...
[2025-12-24 17:15:38] Starting orchestrator_agent on port 8025...
[2025-12-24 17:15:47] orchestrator_agent is UP on port 8025.
[2025-12-24 17:15:47] Starting claims_agent on port 8019...
[2025-12-24 17:15:51] claims_agent is UP on port 8019.
[2025-12-24 17:15:51] Starting quote_agent on port 8020...
[2025-12-24 17:15:55] quote_agent is UP on port 8020.
[2025-12-24 17:15:55] Starting policy_agent on port 8021...
[2025-12-24 17:15:59] policy_agent is UP on port 8021.
[2025-12-24 17:15:59] Starting finance_agent on port 8022...
[2025-12-24 17:16:13] WARNING: finance_agent failed to start on port 8022 within timeout.
[2025-12-24 17:16:13] Starting support_agent on port 8023...
[2025-12-24 17:16:27] WARNING: support_agent failed to start on port 8023 within timeout.
[2025-12-24 17:16:27] Starting tickets_agent on port 8026...
[2025-12-24 17:16:41] WARNING: tickets_agent failed to start on port 8026 within timeout.
[2025-12-24 17:16:41] Starting referrals_agent on port 8027...
[2025-12-24 17:16:54] WARNING: referrals_agent failed to start on port 8027 within timeout.
[2025-12-24 17:16:54] Starting loyalty_agent on port 8028...
[2025-12-24 17:17:08] WARNING: loyalty_agent failed to start on port 8028 within timeout.
[2025-12-24 17:17:08] Starting telematics_agent on port 8029...
[2025-12-24 17:17:22] WARNING: telematics_agent failed to start on port 8029 within timeout.
[2025-12-24 17:17:22] Starting ml_agent on port 8030...
[2025-12-24 17:17:36] WARNING: ml_agent failed to start on port 8030 within timeout.
[2025-12-24 17:17:36] Starting document_agent on port 8032...
[2025-12-24 17:17:50] WARNING: document_agent failed to start on port 8032 within timeout.
[2025-12-24 17:17:50] Starting ocr_agent on port 8018...
[2025-12-24 17:17:52] ocr_agent is UP on port 8018.
[2025-12-24 17:17:52] Starting structured_outputs_agent on port 8004...
[2025-12-24 17:17:56] structured_outputs_agent is UP on port 8004.
[2025-12-24 17:17:56] Starting tool_agent on port 8002...
[2025-12-24 17:18:09] WARNING: tool_agent failed to start on port 8002 within timeout.
[2025-12-24 17:18:09] Starting memory_agent on port 8031...
[2025-12-24 17:18:14] memory_agent is UP on port 8031.
[2025-12-24 17:18:14] Starting voice_agent on port 8015...
[2025-12-24 17:18:20] voice_agent is UP on port 8015.
[2025-12-24 17:18:20] Starting rag_agent on port 8014...
[2025-12-24 17:18:27] rag_agent is UP on port 8014.
[2025-12-24 17:18:27] Starting mcp_agent on port 8013...
[2025-12-24 17:18:34] mcp_agent is UP on port 8013.
[2025-12-24 17:18:34] Starting Frontend on Port 3000...
[2025-12-24 17:18:38] Frontend is UP on port 3000.
[2025-12-24 17:18:38] All services initiated. Check specific logs for details.
